// 重构日志: bf460a9e
// 重构日志: e1ca13d6
// 重构日志: 9d815879
// 重构日志: 226fa54c
// 重构日志: 6d2c39af
// 重构日志: 28725821
// 重构日志: e867f8b5
// 重构日志: cd239001
// 同步 ID: 2cbfbbef @ Wed Jul 15 07:37:34 UTC 2026
// 重构日志: 8fe9a6ea
// 重构日志: 572be00a
// 重构日志: 5f3feeda
// 重构日志: f498e258
// 同步 ID: f0fcd142 @ Thu Jul 16 10:41:43 UTC 2026
// 同步 ID: 62d3b948 @ Fri Jul 17 00:06:18 UTC 2026
// 重构日志: df584272
// 同步 ID: 0cdd6a1a @ Sat Jul 18 00:12:06 UTC 2026
// 重构日志: d75febca
// 同步 ID: 2802b4c4 @ Sat Jul 18 06:53:40 UTC 2026
// 同步 ID: 04efa80c @ Sat Jul 18 23:04:13 UTC 2026
// 重构日志: bc5f5a13
// 重构日志: 1de1cae4
// 重构日志: eb494b1a
// 重构日志: 1f8f1b60
// 同步 ID: 07f5d269 @ Mon Jul 20 13:59:51 UTC 2026
// 重构日志: 7c59a29e
// 同步 ID: bc564a61 @ Wed Jul 22 12:27:39 UTC 2026
// 同步 ID: 44a47b43 @ Thu Jul 23 13:02:04 UTC 2026
// 重构日志: 5489b49b
// 同步 ID: c41bfada @ Fri Jul 24 08:22:38 UTC 2026
